

Microchip Technology PIC18 LITE Macro Assembler V1.32 build 58300 
                                                                                               Tue Nov 13 14:32:05 2018

Microchip Technology Omniscient Code Generator (Lite mode) build 58300
     1                           	processor	18F4620
     2                           	fnconf	rparam,??,?,0
     3                           	opt	pw 120
     4                           	opt	lm
     5                           	psect	idataCOMRAM,global,class=CODE,delta=1
     6                           	psect	cinit,global,reloc=2,class=CODE,delta=1
     7                           	psect	bssCOMRAM,global,class=COMRAM,space=1,delta=1
     8                           	psect	dataCOMRAM,global,class=COMRAM,space=1,delta=1
     9                           	psect	cstackCOMRAM,global,class=COMRAM,space=1,delta=1
    10                           	psect	text0,global,reloc=2,class=CODE,delta=1
    11                           	psect	text1,global,reloc=2,class=CODE,delta=1
    12                           	psect	text2,global,reloc=2,class=CODE,delta=1
    13                           	psect	text3,global,reloc=2,class=CODE,delta=1
    14                           	psect	text4,global,reloc=2,class=CODE,delta=1
    15                           	psect	text5,global,reloc=2,class=CODE,delta=1
    16                           	psect	text6,global,reloc=2,class=CODE,delta=1
    17                           	psect	text7,global,reloc=2,class=CODE,delta=1
    18                           	psect	text8,global,reloc=2,class=CODE,delta=1
    19                           	psect	text9,global,reloc=2,class=CODE,delta=1
    20                           	psect	text10,global,reloc=2,class=CODE,delta=1
    21                           	psect	text11,global,reloc=2,class=CODE,delta=1
    22                           	psect	text12,global,reloc=2,class=CODE,delta=1
    23                           	psect	text13,global,reloc=2,class=CODE,delta=1
    24                           	psect	intsave_regs,global,class=BIGRAM,space=1,delta=1
    25                           	psect	rparam,global,class=COMRAM,space=1,delta=1
    26  0000                     
    27                           	psect	idataCOMRAM
    28  00FE12                     __pidataCOMRAM:
    29                           	opt stack 0
    30                           
    31                           ;initializer for main@F4053
    32  00FE12  74                 	db	116
    33  00FE13  68                 	db	104
    34  00FE14  69                 	db	105
    35  00FE15  73                 	db	115
    36  00FE16  20                 	db	32
    37  00FE17  69                 	db	105
    38  00FE18  73                 	db	115
    39  00FE19  20                 	db	32
    40  00FE1A  6D                 	db	109
    41  00FE1B  79                 	db	121
    42  00FE1C  20                 	db	32
    43  00FE1D  74                 	db	116
    44  00FE1E  65                 	db	101
    45  00FE1F  73                 	db	115
    46  00FE20  74                 	db	116
    47  00FE21  20                 	db	32
    48  00FE22  73                 	db	115
    49  00FE23  74                 	db	116
    50  00FE24  72                 	db	114
    51  00FE25  69                 	db	105
    52  00FE26  6E                 	db	110
    53  00FE27  67                 	db	103
    54  00FE28  20                 	db	32
    55  00FE29  66                 	db	102
    56  00FE2A  6F                 	db	111
    57  00FE2B  72                 	db	114
    58  00FE2C  20                 	db	32
    59  00FE2D  4C                 	db	76
    60  00FE2E  41                 	db	65
    61  00FE2F  42                 	db	66
    62  00FE30  31                 	db	49
    63  00FE31  00                 	db	0
    64  0000                     _LATD	set	3980
    65  0000                     _LATEbits	set	3981
    66  0000                     _OSCCONbits	set	4051
    67  0000                     _TRISD	set	3989
    68  0000                     _TRISEbits	set	3990
    69                           
    70                           ; #config settings
    71  0000                     
    72                           	psect	cinit
    73  00FE54                     __pcinit:
    74                           	opt stack 0
    75  00FE54                     start_initialization:
    76                           	opt stack 0
    77  00FE54                     __initialization:
    78                           	opt stack 0
    79                           
    80                           ; Clear objects allocated to COMRAM (2 bytes)
    81  00FE54  6A4D               	clrf	(__pbssCOMRAM+1)& (0+255),c
    82  00FE56  6A4C               	clrf	__pbssCOMRAM& (0+255),c
    83                           
    84                           ; Initialize objects allocated to COMRAM (32 bytes)
    85                           ; load TBLPTR registers with __pidataCOMRAM
    86  00FE58  0E12               	movlw	low __pidataCOMRAM
    87  00FE5A  6EF6               	movwf	tblptrl,c
    88  00FE5C  0EFE               	movlw	high __pidataCOMRAM
    89  00FE5E  6EF7               	movwf	tblptrh,c
    90  00FE60  0E00               	movlw	low (__pidataCOMRAM shr (0+16))
    91  00FE62  6EF8               	movwf	tblptru,c
    92  00FE64  EE00  F02C         	lfsr	0,__pdataCOMRAM
    93  00FE68  EE10 F020          	lfsr	1,32
    94  00FE6C                     copy_data0:
    95  00FE6C  0009               	tblrd		*+
    96  00FE6E  CFF5 FFEE          	movff	tablat,postinc0
    97  00FE72  50E5               	movf	postdec1,w,c
    98  00FE74  50E1               	movf	fsr1l,w,c
    99  00FE76  E1FA               	bnz	copy_data0
   100  00FE78                     end_of_initialization:
   101                           	opt stack 0
   102  00FE78                     __end_of__initialization:
   103                           	opt stack 0
   104  00FE78  0100               	movlb	0
   105  00FE7A  EFC2  F07F         	goto	_main	;jump to C main() function
   106                           tblptru	equ	0xFF8
   107                           tblptrh	equ	0xFF7
   108                           tblptrl	equ	0xFF6
   109                           tablat	equ	0xFF5
   110                           postinc0	equ	0xFEE
   111                           postdec1	equ	0xFE5
   112                           fsr1l	equ	0xFE1
   113                           
   114                           	psect	bssCOMRAM
   115  00004C                     __pbssCOMRAM:
   116                           	opt stack 0
   117  00004C                     _pos1:
   118                           	opt stack 0
   119  00004C                     	ds	2
   120                           tblptru	equ	0xFF8
   121                           tblptrh	equ	0xFF7
   122                           tblptrl	equ	0xFF6
   123                           tablat	equ	0xFF5
   124                           postinc0	equ	0xFEE
   125                           postdec1	equ	0xFE5
   126                           fsr1l	equ	0xFE1
   127                           
   128                           	psect	dataCOMRAM
   129  00002C                     __pdataCOMRAM:
   130                           	opt stack 0
   131  00002C                     main@F4053:
   132                           	opt stack 0
   133  00002C                     	ds	32
   134                           tblptru	equ	0xFF8
   135                           tblptrh	equ	0xFF7
   136                           tblptrl	equ	0xFF6
   137                           tablat	equ	0xFF5
   138                           postinc0	equ	0xFEE
   139                           postdec1	equ	0xFE5
   140                           fsr1l	equ	0xFE1
   141                           
   142                           	psect	cstackCOMRAM
   143  000001                     __pcstackCOMRAM:
   144                           	opt stack 0
   145  000001                     ??_Delay10KTCYx:
   146  000001                     Delay100TCYx@unit:
   147                           	opt stack 0
   148  000001                     Delay10TCYx@unit:
   149                           	opt stack 0
   150  000001                     Delay1KTCYx@unit:
   151                           	opt stack 0
   152                           
   153                           ; 1 bytes @ 0x0
   154  000001                     	ds	1
   155  000002                     lcd_cmd@cmd:
   156                           	opt stack 0
   157  000002                     lcd_data@data:
   158                           	opt stack 0
   159  000002                     Delay10KTCYx@unit:
   160                           	opt stack 0
   161                           
   162                           ; 1 bytes @ 0x1
   163  000002                     	ds	1
   164  000003                     LCDPut@A:
   165                           	opt stack 0
   166  000003                     LCDPos@pos:
   167                           	opt stack 0
   168                           
   169                           ; 2 bytes @ 0x2
   170  000003                     	ds	2
   171  000005                     LCDPutString@DString:
   172                           	opt stack 0
   173                           
   174                           ; 2 bytes @ 0x4
   175  000005                     	ds	2
   176  000007                     LCDPutString@p_DString:
   177                           	opt stack 0
   178                           
   179                           ; 2 bytes @ 0x6
   180  000007                     	ds	2
   181  000009                     LCDPutString@lpos1:
   182                           	opt stack 0
   183                           
   184                           ; 2 bytes @ 0x8
   185  000009                     	ds	2
   186  00000B                     main@TString:
   187                           	opt stack 0
   188                           
   189                           ; 32 bytes @ 0xA
   190  00000B                     	ds	32
   191  00002B                     main@test:
   192                           	opt stack 0
   193                           
   194                           ; 1 bytes @ 0x2A
   195  00002B                     	ds	1
   196                           tblptru	equ	0xFF8
   197                           tblptrh	equ	0xFF7
   198                           tblptrl	equ	0xFF6
   199                           tablat	equ	0xFF5
   200                           postinc0	equ	0xFEE
   201                           postdec1	equ	0xFE5
   202                           fsr1l	equ	0xFE1
   203                           
   204 ;;
   205 ;;Main: autosize = 0, tempsize = 0, incstack = 0, save=0
   206 ;;
   207 ;; *************** function _main *****************
   208 ;; Defined at:
   209 ;;		line 29 in file "lab6_main.c"
   210 ;; Parameters:    Size  Location     Type
   211 ;;		None
   212 ;; Auto vars:     Size  Location     Type
   213 ;;  TString        32   10[COMRAM] unsigned char [32]
   214 ;;  test            1   42[COMRAM] unsigned char 
   215 ;; Return value:  Size  Location     Type
   216 ;;                  2   83[COMRAM] int 
   217 ;; Registers used:
   218 ;;		wreg, fsr1l, fsr1h, fsr2l, fsr2h, status,2, status,0, prodl, cstack
   219 ;; Tracked objects:
   220 ;;		On entry : 0/0
   221 ;;		On exit  : 0/0
   222 ;;		Unchanged: 0/0
   223 ;; Data sizes:     COMRAM   BANK0   BANK1   BANK2   BANK3   BANK4   BANK5   BANK6   BANK7   BANK8   BANK9  BANK10  BANK1
      +1  BANK12  BANK13  BANK14  BANK15
   224 ;;      Params:         0       0       0       0       0       0       0       0       0       0       0       0       
      +0       0       0       0       0
   225 ;;      Locals:        33       0       0       0       0       0       0       0       0       0       0       0       
      +0       0       0       0       0
   226 ;;      Temps:          0       0       0       0       0       0       0       0       0       0       0       0       
      +0       0       0       0       0
   227 ;;      Totals:        33       0       0       0       0       0       0       0       0       0       0       0       
      +0       0       0       0       0
   228 ;;Total ram usage:       33 bytes
   229 ;; Hardware stack levels required when called:    4
   230 ;; This function calls:
   231 ;;		_Delay10KTCYx
   232 ;;		_LCDClear
   233 ;;		_LCDInit
   234 ;;		_LCDPos
   235 ;;		_LCDPut
   236 ;;		_LCDPutString
   237 ;;		_initIO
   238 ;;		_initOscillator
   239 ;; This function is called by:
   240 ;;		Startup code after reset
   241 ;; This function uses a non-reentrant model
   242 ;;
   243                           
   244                           	psect	text0
   245  00FF84                     __ptext0:
   246                           	opt stack 0
   247  00FF84                     _main:
   248                           	opt stack 27
   249                           
   250                           ;lab6_main.c: 30: initOscillator();
   251                           
   252                           ;incstack = 0
   253  00FF84  ECCD  F07E         	call	_initOscillator	;wreg free
   254                           
   255                           ;lab6_main.c: 31: initIO();
   256  00FF88  ECC6  F07E         	call	_initIO	;wreg free
   257                           
   258                           ;lab6_main.c: 32: LCDInit();
   259  00FF8C  EC87  F07F         	call	_LCDInit	;wreg free
   260                           
   261                           ;lab6_main.c: 33: LCDClear();
   262  00FF90  ECC9  F07E         	call	_LCDClear	;wreg free
   263                           
   264                           ;lab6_main.c: 34: char TString[] = "this is my test string for LAB1";
   265  00FF94  EE20  F02C         	lfsr	2,main@F4053
   266  00FF98  EE10  F00B         	lfsr	1,main@TString
   267  00FF9C  0E20               	movlw	32
   268  00FF9E                     u41:
   269  00FF9E  CFDE FFE6          	movff	postinc2,postinc1
   270  00FFA2  2EE8               	decfsz	wreg,f,c
   271  00FFA4  D7FC               	goto	u41
   272                           
   273                           ;lab6_main.c: 35: char test='r';
   274  00FFA6  0E72               	movlw	114
   275  00FFA8  6E2B               	movwf	main@test,c
   276                           
   277                           ;lab6_main.c: 37: LCDPos(1);
   278  00FFAA  0E00               	movlw	0
   279  00FFAC  6E04               	movwf	LCDPos@pos+1,c
   280  00FFAE  0E01               	movlw	1
   281  00FFB0  6E03               	movwf	LCDPos@pos,c
   282  00FFB2  EC3F  F07F         	call	_LCDPos	;wreg free
   283                           
   284                           ;lab6_main.c: 38: LCDPut(test);
   285  00FFB6  502B               	movf	main@test,w,c
   286  00FFB8  ECD1  F07E         	call	_LCDPut
   287                           
   288                           ;lab6_main.c: 39: test = sizeof(pos1)+48;
   289  00FFBC  0E32               	movlw	50
   290  00FFBE  6E2B               	movwf	main@test,c
   291  00FFC0                     l894:
   292                           
   293                           ;lab6_main.c: 41: LCDPos(pos1);
   294  00FFC0  C04C  F003         	movff	_pos1,LCDPos@pos
   295  00FFC4  C04D  F004         	movff	_pos1+1,LCDPos@pos+1
   296  00FFC8  EC3F  F07F         	call	_LCDPos	;wreg free
   297                           
   298                           ;lab6_main.c: 43: LCDPutString(TString);
   299  00FFCC  0E00               	movlw	high main@TString
   300  00FFCE  6E06               	movwf	LCDPutString@DString+1,c
   301  00FFD0  0E0B               	movlw	low main@TString
   302  00FFD2  6E05               	movwf	LCDPutString@DString,c
   303  00FFD4  EC59  F07F         	call	_LCDPutString	;wreg free
   304                           
   305                           ;lab6_main.c: 44: Delay10KTCYx(200);
   306  00FFD8  0EC8               	movlw	200
   307  00FFDA  ECEE  F07E         	call	_Delay10KTCYx
   308                           
   309                           ;lab6_main.c: 45: pos1++;
   310  00FFDE  4A4C               	infsnz	_pos1,f,c
   311  00FFE0  2A4D               	incf	_pos1+1,f,c
   312                           
   313                           ;lab6_main.c: 46: LCDClear();
   314  00FFE2  ECC9  F07E         	call	_LCDClear	;wreg free
   315                           
   316                           ;lab6_main.c: 47: if(pos1>39){
   317  00FFE6  504D               	movf	_pos1+1,w,c
   318  00FFE8  0A80               	xorlw	128
   319  00FFEA  0F80               	addlw	-128
   320  00FFEC  0E28               	movlw	40
   321  00FFEE  B4D8               	btfsc	status,2,c
   322  00FFF0  5C4C               	subwf	_pos1,w,c
   323  00FFF2  A0D8               	btfss	status,0,c
   324  00FFF4  D7E5               	goto	l894
   325                           
   326                           ;lab6_main.c: 48: pos1=0;
   327  00FFF6  0E00               	movlw	0
   328  00FFF8  6E4D               	movwf	_pos1+1,c
   329  00FFFA  0E00               	movlw	0
   330  00FFFC  6E4C               	movwf	_pos1,c
   331  00FFFE  D7E0               	goto	l894
   332  010000                     __end_of_main:
   333                           	opt stack 0
   334                           tblptru	equ	0xFF8
   335                           tblptrh	equ	0xFF7
   336                           tblptrl	equ	0xFF6
   337                           tablat	equ	0xFF5
   338                           postinc0	equ	0xFEE
   339                           wreg	equ	0xFE8
   340                           postinc1	equ	0xFE6
   341                           postdec1	equ	0xFE5
   342                           fsr1l	equ	0xFE1
   343                           postinc2	equ	0xFDE
   344                           status	equ	0xFD8
   345                           
   346 ;; *************** function _initOscillator *****************
   347 ;; Defined at:
   348 ;;		line 44 in file "initBoard.c"
   349 ;; Parameters:    Size  Location     Type
   350 ;;		None
   351 ;; Auto vars:     Size  Location     Type
   352 ;;		None
   353 ;; Return value:  Size  Location     Type
   354 ;;		None               void
   355 ;; Registers used:
   356 ;;		None
   357 ;; Tracked objects:
   358 ;;		On entry : 0/0
   359 ;;		On exit  : 0/0
   360 ;;		Unchanged: 0/0
   361 ;; Data sizes:     COMRAM   BANK0   BANK1   BANK2   BANK3   BANK4   BANK5   BANK6   BANK7   BANK8   BANK9  BANK10  BANK1
      +1  BANK12  BANK13  BANK14  BANK15
   362 ;;      Params:         0       0       0       0       0       0       0       0       0       0       0       0       
      +0       0       0       0       0
   363 ;;      Locals:         0       0       0       0       0       0       0       0       0       0       0       0       
      +0       0       0       0       0
   364 ;;      Temps:          0       0       0       0       0       0       0       0       0       0       0       0       
      +0       0       0       0       0
   365 ;;      Totals:         0       0       0       0       0       0       0       0       0       0       0       0       
      +0       0       0       0       0
   366 ;;Total ram usage:        0 bytes
   367 ;; Hardware stack levels used:    1
   368 ;; This function calls:
   369 ;;		Nothing
   370 ;; This function is called by:
   371 ;;		_main
   372 ;; This function uses a non-reentrant model
   373 ;;
   374                           
   375                           	psect	text1
   376  00FD9A                     __ptext1:
   377                           	opt stack 0
   378  00FD9A                     _initOscillator:
   379                           	opt stack 30
   380                           
   381                           ;initBoard.c: 46: OSCCONbits.IRCF0 = 1;
   382                           
   383                           ;incstack = 0
   384  00FD9A  88D3               	bsf	4051,4,c	;volatile
   385                           
   386                           ;initBoard.c: 47: OSCCONbits.IRCF1 = 1;
   387  00FD9C  8AD3               	bsf	4051,5,c	;volatile
   388                           
   389                           ;initBoard.c: 48: OSCCONbits.IRCF2 = 1;
   390  00FD9E  8CD3               	bsf	4051,6,c	;volatile
   391  00FDA0  0012               	return	
   392  00FDA2                     __end_of_initOscillator:
   393                           	opt stack 0
   394                           tblptru	equ	0xFF8
   395                           tblptrh	equ	0xFF7
   396                           tblptrl	equ	0xFF6
   397                           tablat	equ	0xFF5
   398                           postinc0	equ	0xFEE
   399                           wreg	equ	0xFE8
   400                           postinc1	equ	0xFE6
   401                           postdec1	equ	0xFE5
   402                           fsr1l	equ	0xFE1
   403                           postinc2	equ	0xFDE
   404                           status	equ	0xFD8
   405                           
   406 ;; *************** function _initIO *****************
   407 ;; Defined at:
   408 ;;		line 56 in file "initBoard.c"
   409 ;; Parameters:    Size  Location     Type
   410 ;;		None
   411 ;; Auto vars:     Size  Location     Type
   412 ;;		None
   413 ;; Return value:  Size  Location     Type
   414 ;;		None               void
   415 ;; Registers used:
   416 ;;		wreg, status,2
   417 ;; Tracked objects:
   418 ;;		On entry : 0/0
   419 ;;		On exit  : 0/0
   420 ;;		Unchanged: 0/0
   421 ;; Data sizes:     COMRAM   BANK0   BANK1   BANK2   BANK3   BANK4   BANK5   BANK6   BANK7   BANK8   BANK9  BANK10  BANK1
      +1  BANK12  BANK13  BANK14  BANK15
   422 ;;      Params:         0       0       0       0       0       0       0       0       0       0       0       0       
      +0       0       0       0       0
   423 ;;      Locals:         0       0       0       0       0       0       0       0       0       0       0       0       
      +0       0       0       0       0
   424 ;;      Temps:          0       0       0       0       0       0       0       0       0       0       0       0       
      +0       0       0       0       0
   425 ;;      Totals:         0       0       0       0       0       0       0       0       0       0       0       0       
      +0       0       0       0       0
   426 ;;Total ram usage:        0 bytes
   427 ;; Hardware stack levels used:    1
   428 ;; This function calls:
   429 ;;		Nothing
   430 ;; This function is called by:
   431 ;;		_main
   432 ;; This function uses a non-reentrant model
   433 ;;
   434                           
   435                           	psect	text2
   436  00FD8C                     __ptext2:
   437                           	opt stack 0
   438  00FD8C                     _initIO:
   439                           	opt stack 30
   440                           
   441                           ;initBoard.c: 57: TRISD = 0x00;
   442                           
   443                           ;incstack = 0
   444  00FD8C  0E00               	movlw	0
   445  00FD8E  6E95               	movwf	3989,c	;volatile
   446  00FD90  0012               	return	
   447  00FD92                     __end_of_initIO:
   448                           	opt stack 0
   449                           tblptru	equ	0xFF8
   450                           tblptrh	equ	0xFF7
   451                           tblptrl	equ	0xFF6
   452                           tablat	equ	0xFF5
   453                           postinc0	equ	0xFEE
   454                           wreg	equ	0xFE8
   455                           postinc1	equ	0xFE6
   456                           postdec1	equ	0xFE5
   457                           fsr1l	equ	0xFE1
   458                           postinc2	equ	0xFDE
   459                           status	equ	0xFD8
   460                           
   461 ;; *************** function _LCDPutString *****************
   462 ;; Defined at:
   463 ;;		line 214 in file "../common/lcd.c"
   464 ;; Parameters:    Size  Location     Type
   465 ;;  DString         2    4[COMRAM] PTR unsigned char 
   466 ;;		 -> main@TString(32), 
   467 ;; Auto vars:     Size  Location     Type
   468 ;;  lpos1           2    8[COMRAM] int 
   469 ;;  p_DString       2    6[COMRAM] PTR unsigned char 
   470 ;;		 -> main@TString(32), 
   471 ;; Return value:  Size  Location     Type
   472 ;;		None               void
   473 ;; Registers used:
   474 ;;		wreg, fsr2l, fsr2h, status,2, status,0, prodl, cstack
   475 ;; Tracked objects:
   476 ;;		On entry : 0/0
   477 ;;		On exit  : 0/0
   478 ;;		Unchanged: 0/0
   479 ;; Data sizes:     COMRAM   BANK0   BANK1   BANK2   BANK3   BANK4   BANK5   BANK6   BANK7   BANK8   BANK9  BANK10  BANK1
      +1  BANK12  BANK13  BANK14  BANK15
   480 ;;      Params:         2       0       0       0       0       0       0       0       0       0       0       0       
      +0       0       0       0       0
   481 ;;      Locals:         4       0       0       0       0       0       0       0       0       0       0       0       
      +0       0       0       0       0
   482 ;;      Temps:          0       0       0       0       0       0       0       0       0       0       0       0       
      +0       0       0       0       0
   483 ;;      Totals:         6       0       0       0       0       0       0       0       0       0       0       0       
      +0       0       0       0       0
   484 ;;Total ram usage:        6 bytes
   485 ;; Hardware stack levels used:    1
   486 ;; Hardware stack levels required when called:    3
   487 ;; This function calls:
   488 ;;		_LCDPos
   489 ;;		_LCDPut
   490 ;; This function is called by:
   491 ;;		_main
   492 ;; This function uses a non-reentrant model
   493 ;;
   494                           
   495                           	psect	text3
   496  00FEB2                     __ptext3:
   497                           	opt stack 0
   498  00FEB2                     _LCDPutString:
   499                           	opt stack 27
   500                           
   501                           ;lcd.c: 216: char *p_DString;
   502                           ;lcd.c: 217: p_DString = DString;
   503                           
   504                           ;incstack = 0
   505  00FEB2  C006  F008         	movff	LCDPutString@DString+1,LCDPutString@p_DString+1
   506  00FEB6  C005  F007         	movff	LCDPutString@DString,LCDPutString@p_DString
   507                           
   508                           ;lcd.c: 218: extern int pos1;
   509                           ;lcd.c: 219: int lpos1 = pos1;
   510  00FEBA  C04C  F009         	movff	_pos1,LCDPutString@lpos1
   511  00FEBE  C04D  F00A         	movff	_pos1+1,LCDPutString@lpos1+1
   512                           
   513                           ;lcd.c: 220: while(*p_DString != '\0'){
   514  00FEC2  D01D               	goto	l854
   515  00FEC4                     l842:
   516                           
   517                           ;lcd.c: 221: LCDPos(lpos1);
   518  00FEC4  C009  F003         	movff	LCDPutString@lpos1,LCDPos@pos
   519  00FEC8  C00A  F004         	movff	LCDPutString@lpos1+1,LCDPos@pos+1
   520  00FECC  EC3F  F07F         	call	_LCDPos	;wreg free
   521                           
   522                           ;lcd.c: 222: LCDPut(*p_DString);
   523  00FED0  C007  FFD9         	movff	LCDPutString@p_DString,fsr2l
   524  00FED4  C008  FFDA         	movff	LCDPutString@p_DString+1,fsr2h
   525  00FED8  50DF               	movf	indf2,w,c
   526  00FEDA  ECD1  F07E         	call	_LCDPut
   527                           
   528                           ;lcd.c: 223: p_DString++;
   529  00FEDE  4A07               	infsnz	LCDPutString@p_DString,f,c
   530  00FEE0  2A08               	incf	LCDPutString@p_DString+1,f,c
   531                           
   532                           ;lcd.c: 224: lpos1++;
   533  00FEE2  4A09               	infsnz	LCDPutString@lpos1,f,c
   534  00FEE4  2A0A               	incf	LCDPutString@lpos1+1,f,c
   535                           
   536                           ;lcd.c: 225: if(lpos1>39){
   537  00FEE6  500A               	movf	LCDPutString@lpos1+1,w,c
   538  00FEE8  0A80               	xorlw	128
   539  00FEEA  0F80               	addlw	-128
   540  00FEEC  0E28               	movlw	40
   541  00FEEE  B4D8               	btfsc	status,2,c
   542  00FEF0  5C09               	subwf	LCDPutString@lpos1,w,c
   543  00FEF2  A0D8               	btfss	status,0,c
   544  00FEF4  D004               	goto	l854
   545                           
   546                           ;lcd.c: 226: lpos1=0;
   547  00FEF6  0E00               	movlw	0
   548  00FEF8  6E0A               	movwf	LCDPutString@lpos1+1,c
   549  00FEFA  0E00               	movlw	0
   550  00FEFC  6E09               	movwf	LCDPutString@lpos1,c
   551  00FEFE                     l854:
   552  00FEFE  C007  FFD9         	movff	LCDPutString@p_DString,fsr2l
   553  00FF02  C008  FFDA         	movff	LCDPutString@p_DString+1,fsr2h
   554  00FF06  50DF               	movf	indf2,w,c
   555  00FF08  B4D8               	btfsc	status,2,c
   556  00FF0A  0012               	return	
   557  00FF0C  D7DB               	goto	l842
   558  00FF0E                     __end_of_LCDPutString:
   559                           	opt stack 0
   560                           tblptru	equ	0xFF8
   561                           tblptrh	equ	0xFF7
   562                           tblptrl	equ	0xFF6
   563                           tablat	equ	0xFF5
   564                           postinc0	equ	0xFEE
   565                           wreg	equ	0xFE8
   566                           postinc1	equ	0xFE6
   567                           postdec1	equ	0xFE5
   568                           fsr1l	equ	0xFE1
   569                           indf2	equ	0xFDF
   570                           postinc2	equ	0xFDE
   571                           fsr2h	equ	0xFDA
   572                           fsr2l	equ	0xFD9
   573                           status	equ	0xFD8
   574                           
   575 ;; *************** function _LCDPut *****************
   576 ;; Defined at:
   577 ;;		line 167 in file "../common/lcd.c"
   578 ;; Parameters:    Size  Location     Type
   579 ;;  A               1    wreg     unsigned char 
   580 ;; Auto vars:     Size  Location     Type
   581 ;;  A               1    2[COMRAM] unsigned char 
   582 ;; Return value:  Size  Location     Type
   583 ;;		None               void
   584 ;; Registers used:
   585 ;;		wreg, status,2, status,0, cstack
   586 ;; Tracked objects:
   587 ;;		On entry : 0/0
   588 ;;		On exit  : 0/0
   589 ;;		Unchanged: 0/0
   590 ;; Data sizes:     COMRAM   BANK0   BANK1   BANK2   BANK3   BANK4   BANK5   BANK6   BANK7   BANK8   BANK9  BANK10  BANK1
      +1  BANK12  BANK13  BANK14  BANK15
   591 ;;      Params:         0       0       0       0       0       0       0       0       0       0       0       0       
      +0       0       0       0       0
   592 ;;      Locals:         1       0       0       0       0       0       0       0       0       0       0       0       
      +0       0       0       0       0
   593 ;;      Temps:          0       0       0       0       0       0       0       0       0       0       0       0       
      +0       0       0       0       0
   594 ;;      Totals:         1       0       0       0       0       0       0       0       0       0       0       0       
      +0       0       0       0       0
   595 ;;Total ram usage:        1 bytes
   596 ;; Hardware stack levels used:    1
   597 ;; Hardware stack levels required when called:    2
   598 ;; This function calls:
   599 ;;		_lcd_data
   600 ;; This function is called by:
   601 ;;		_LCDPutString
   602 ;;		_main
   603 ;; This function uses a non-reentrant model
   604 ;;
   605                           
   606                           	psect	text4
   607  00FDA2                     __ptext4:
   608                           	opt stack 0
   609  00FDA2                     _LCDPut:
   610                           	opt stack 27
   611                           
   612                           ;incstack = 0
   613                           ;LCDPut@A stored from wreg
   614  00FDA2  6E03               	movwf	LCDPut@A,c
   615                           
   616                           ;lcd.c: 169: lcd_data(A);
   617  00FDA4  5003               	movf	LCDPut@A,w,c
   618  00FDA6  EC19  F07F         	call	_lcd_data
   619  00FDAA  0012               	return	
   620  00FDAC                     __end_of_LCDPut:
   621                           	opt stack 0
   622                           tblptru	equ	0xFF8
   623                           tblptrh	equ	0xFF7
   624                           tblptrl	equ	0xFF6
   625                           tablat	equ	0xFF5
   626                           postinc0	equ	0xFEE
   627                           wreg	equ	0xFE8
   628                           postinc1	equ	0xFE6
   629                           postdec1	equ	0xFE5
   630                           fsr1l	equ	0xFE1
   631                           indf2	equ	0xFDF
   632                           postinc2	equ	0xFDE
   633                           fsr2h	equ	0xFDA
   634                           fsr2l	equ	0xFD9
   635                           status	equ	0xFD8
   636                           
   637 ;; *************** function _lcd_data *****************
   638 ;; Defined at:
   639 ;;		line 144 in file "../common/lcd.c"
   640 ;; Parameters:    Size  Location     Type
   641 ;;  data            1    wreg     unsigned char 
   642 ;; Auto vars:     Size  Location     Type
   643 ;;  data            1    1[COMRAM] unsigned char 
   644 ;; Return value:  Size  Location     Type
   645 ;;		None               void
   646 ;; Registers used:
   647 ;;		wreg, status,2, status,0, cstack
   648 ;; Tracked objects:
   649 ;;		On entry : 0/0
   650 ;;		On exit  : 0/0
   651 ;;		Unchanged: 0/0
   652 ;; Data sizes:     COMRAM   BANK0   BANK1   BANK2   BANK3   BANK4   BANK5   BANK6   BANK7   BANK8   BANK9  BANK10  BANK1
      +1  BANK12  BANK13  BANK14  BANK15
   653 ;;      Params:         0       0       0       0       0       0       0       0       0       0       0       0       
      +0       0       0       0       0
   654 ;;      Locals:         1       0       0       0       0       0       0       0       0       0       0       0       
      +0       0       0       0       0
   655 ;;      Temps:          0       0       0       0       0       0       0       0       0       0       0       0       
      +0       0       0       0       0
   656 ;;      Totals:         1       0       0       0       0       0       0       0       0       0       0       0       
      +0       0       0       0       0
   657 ;;Total ram usage:        1 bytes
   658 ;; Hardware stack levels used:    1
   659 ;; Hardware stack levels required when called:    1
   660 ;; This function calls:
   661 ;;		_Delay10TCYx
   662 ;; This function is called by:
   663 ;;		_LCDPut
   664 ;; This function uses a non-reentrant model
   665 ;;
   666                           
   667                           	psect	text5
   668  00FE32                     __ptext5:
   669                           	opt stack 0
   670  00FE32                     _lcd_data:
   671                           	opt stack 27
   672                           
   673                           ;incstack = 0
   674                           ;lcd_data@data stored from wreg
   675  00FE32  6E02               	movwf	lcd_data@data,c
   676                           
   677                           ;lcd.c: 147: LATEbits.LATE2 = 0;
   678  00FE34  948D               	bcf	3981,2,c	;volatile
   679                           
   680                           ;lcd.c: 148: LATEbits.LATE0 = 1;
   681  00FE36  808D               	bsf	3981,0,c	;volatile
   682                           
   683                           ;lcd.c: 149: LATD &= 0x00;
   684  00FE38  0E00               	movlw	0
   685  00FE3A  6E8C               	movwf	3980,c	;volatile
   686                           
   687                           ;lcd.c: 150: LATD |= data;
   688  00FE3C  5002               	movf	lcd_data@data,w,c
   689  00FE3E  128C               	iorwf	3980,f,c	;volatile
   690                           
   691                           ;lcd.c: 151: LATEbits.LATE1 = 1;
   692  00FE40  828D               	bsf	3981,1,c	;volatile
   693                           
   694                           ;lcd.c: 152: __nop();
   695  00FE42  F000               	nop	
   696                           
   697                           ;lcd.c: 153: __nop();
   698  00FE44  F000               	nop	
   699                           
   700                           ;lcd.c: 154: __nop();
   701  00FE46  F000               	nop	
   702                           
   703                           ;lcd.c: 155: LATEbits.LATE1 = 0;
   704  00FE48  928D               	bcf	3981,1,c	;volatile
   705                           
   706                           ;lcd.c: 156: LATEbits.LATE0 = 0;
   707  00FE4A  908D               	bcf	3981,0,c	;volatile
   708                           
   709                           ;lcd.c: 158: Delay10TCYx(80);
   710  00FE4C  0E50               	movlw	80
   711  00FE4E  ECDE  F07E         	call	_Delay10TCYx
   712  00FE52  0012               	return	
   713  00FE54                     __end_of_lcd_data:
   714                           	opt stack 0
   715                           tblptru	equ	0xFF8
   716                           tblptrh	equ	0xFF7
   717                           tblptrl	equ	0xFF6
   718                           tablat	equ	0xFF5
   719                           postinc0	equ	0xFEE
   720                           wreg	equ	0xFE8
   721                           postinc1	equ	0xFE6
   722                           postdec1	equ	0xFE5
   723                           fsr1l	equ	0xFE1
   724                           indf2	equ	0xFDF
   725                           postinc2	equ	0xFDE
   726                           fsr2h	equ	0xFDA
   727                           fsr2l	equ	0xFD9
   728                           status	equ	0xFD8
   729                           
   730 ;; *************** function _LCDPos *****************
   731 ;; Defined at:
   732 ;;		line 181 in file "../common/lcd.c"
   733 ;; Parameters:    Size  Location     Type
   734 ;;  pos             2    2[COMRAM] int 
   735 ;; Auto vars:     Size  Location     Type
   736 ;;		None
   737 ;; Return value:  Size  Location     Type
   738 ;;		None               void
   739 ;; Registers used:
   740 ;;		wreg, status,2, status,0, prodl, cstack
   741 ;; Tracked objects:
   742 ;;		On entry : 0/0
   743 ;;		On exit  : 0/0
   744 ;;		Unchanged: 0/0
   745 ;; Data sizes:     COMRAM   BANK0   BANK1   BANK2   BANK3   BANK4   BANK5   BANK6   BANK7   BANK8   BANK9  BANK10  BANK1
      +1  BANK12  BANK13  BANK14  BANK15
   746 ;;      Params:         2       0       0       0       0       0       0       0       0       0       0       0       
      +0       0       0       0       0
   747 ;;      Locals:         0       0       0       0       0       0       0       0       0       0       0       0       
      +0       0       0       0       0
   748 ;;      Temps:          0       0       0       0       0       0       0       0       0       0       0       0       
      +0       0       0       0       0
   749 ;;      Totals:         2       0       0       0       0       0       0       0       0       0       0       0       
      +0       0       0       0       0
   750 ;;Total ram usage:        2 bytes
   751 ;; Hardware stack levels used:    1
   752 ;; Hardware stack levels required when called:    2
   753 ;; This function calls:
   754 ;;		_Delay100TCYx
   755 ;;		_lcd_cmd
   756 ;; This function is called by:
   757 ;;		_LCDPutString
   758 ;;		_main
   759 ;; This function uses a non-reentrant model
   760 ;;
   761                           
   762                           	psect	text6
   763  00FE7E                     __ptext6:
   764                           	opt stack 0
   765  00FE7E                     _LCDPos:
   766                           	opt stack 27
   767                           
   768                           ;lcd.c: 184: Delay100TCYx(12);
   769                           
   770                           ;incstack = 0
   771  00FE7E  0E0C               	movlw	12
   772  00FE80  ECE6  F07E         	call	_Delay100TCYx
   773                           
   774                           ;lcd.c: 185: if(pos<20) lcd_cmd(0x80+pos);
   775  00FE84  5004               	movf	LCDPos@pos+1,w,c
   776  00FE86  0A80               	xorlw	128
   777  00FE88  6EF3               	movwf	prodl,c
   778  00FE8A  0E80               	movlw	128
   779  00FE8C  5CF3               	subwf	prodl,w,c
   780  00FE8E  0E14               	movlw	20
   781  00FE90  B4D8               	btfsc	status,2,c
   782  00FE92  5C03               	subwf	LCDPos@pos,w,c
   783  00FE94  B0D8               	btfsc	status,0,c
   784  00FE96  D005               	goto	l762
   785  00FE98  5003               	movf	LCDPos@pos,w,c
   786  00FE9A  0F80               	addlw	128
   787  00FE9C  ECF9  F07E         	call	_lcd_cmd
   788  00FEA0  D004               	goto	l764
   789  00FEA2                     l762:
   790                           
   791                           ;lcd.c: 186: else lcd_cmd(0xC0+pos-20);
   792  00FEA2  5003               	movf	LCDPos@pos,w,c
   793  00FEA4  0FAC               	addlw	172
   794  00FEA6  ECF9  F07E         	call	_lcd_cmd
   795  00FEAA                     l764:
   796                           
   797                           ;lcd.c: 187: Delay100TCYx(12);
   798  00FEAA  0E0C               	movlw	12
   799  00FEAC  ECE6  F07E         	call	_Delay100TCYx
   800  00FEB0  0012               	return	
   801  00FEB2                     __end_of_LCDPos:
   802                           	opt stack 0
   803                           tblptru	equ	0xFF8
   804                           tblptrh	equ	0xFF7
   805                           tblptrl	equ	0xFF6
   806                           tablat	equ	0xFF5
   807                           prodl	equ	0xFF3
   808                           postinc0	equ	0xFEE
   809                           wreg	equ	0xFE8
   810                           postinc1	equ	0xFE6
   811                           postdec1	equ	0xFE5
   812                           fsr1l	equ	0xFE1
   813                           indf2	equ	0xFDF
   814                           postinc2	equ	0xFDE
   815                           fsr2h	equ	0xFDA
   816                           fsr2l	equ	0xFD9
   817                           status	equ	0xFD8
   818                           
   819 ;; *************** function _Delay100TCYx *****************
   820 ;; Defined at:
   821 ;;		line 8 in file "C:\Program Files\Microchip\xc8\v1.32\sources\pic18\d100tcyx.c"
   822 ;; Parameters:    Size  Location     Type
   823 ;;  unit            1    wreg     unsigned char 
   824 ;; Auto vars:     Size  Location     Type
   825 ;;  unit            1    0[COMRAM] unsigned char 
   826 ;; Return value:  Size  Location     Type
   827 ;;		None               void
   828 ;; Registers used:
   829 ;;		wreg
   830 ;; Tracked objects:
   831 ;;		On entry : 0/0
   832 ;;		On exit  : 0/0
   833 ;;		Unchanged: 0/0
   834 ;; Data sizes:     COMRAM   BANK0   BANK1   BANK2   BANK3   BANK4   BANK5   BANK6   BANK7   BANK8   BANK9  BANK10  BANK1
      +1  BANK12  BANK13  BANK14  BANK15
   835 ;;      Params:         0       0       0       0       0       0       0       0       0       0       0       0       
      +0       0       0       0       0
   836 ;;      Locals:         1       0       0       0       0       0       0       0       0       0       0       0       
      +0       0       0       0       0
   837 ;;      Temps:          0       0       0       0       0       0       0       0       0       0       0       0       
      +0       0       0       0       0
   838 ;;      Totals:         1       0       0       0       0       0       0       0       0       0       0       0       
      +0       0       0       0       0
   839 ;;Total ram usage:        1 bytes
   840 ;; Hardware stack levels used:    1
   841 ;; This function calls:
   842 ;;		Nothing
   843 ;; This function is called by:
   844 ;;		_LCDPos
   845 ;;		_LCDL1Home
   846 ;;		_LCDL2Home
   847 ;; This function uses a non-reentrant model
   848 ;;
   849                           
   850                           	psect	text7
   851  00FDCC                     __ptext7:
   852                           	opt stack 0
   853  00FDCC                     _Delay100TCYx:
   854                           	opt stack 28
   855                           
   856                           ;incstack = 0
   857                           ;Delay100TCYx@unit stored from wreg
   858  00FDCC  6E01               	movwf	Delay100TCYx@unit,c
   859  00FDCE                     l316:
   860  00FDCE  0E21               	movlw	33
   861  00FDD0                     u67:
   862  00FDD0  2EE8               	decfsz	wreg,f,c
   863  00FDD2  D7FE               	goto	u67
   864  00FDD4  F000               	nop	
   865  00FDD6  2E01               	decfsz	Delay100TCYx@unit,f,c
   866  00FDD8  D7FA               	goto	l316
   867  00FDDA  0012               	return	
   868  00FDDC                     __end_of_Delay100TCYx:
   869                           	opt stack 0
   870                           tblptru	equ	0xFF8
   871                           tblptrh	equ	0xFF7
   872                           tblptrl	equ	0xFF6
   873                           tablat	equ	0xFF5
   874                           prodl	equ	0xFF3
   875                           postinc0	equ	0xFEE
   876                           wreg	equ	0xFE8
   877                           postinc1	equ	0xFE6
   878                           postdec1	equ	0xFE5
   879                           fsr1l	equ	0xFE1
   880                           indf2	equ	0xFDF
   881                           postinc2	equ	0xFDE
   882                           fsr2h	equ	0xFDA
   883                           fsr2l	equ	0xFD9
   884                           status	equ	0xFD8
   885                           
   886 ;; *************** function _LCDInit *****************
   887 ;; Defined at:
   888 ;;		line 60 in file "../common/lcd.c"
   889 ;; Parameters:    Size  Location     Type
   890 ;;		None
   891 ;; Auto vars:     Size  Location     Type
   892 ;;		None
   893 ;; Return value:  Size  Location     Type
   894 ;;		None               void
   895 ;; Registers used:
   896 ;;		wreg, status,2, status,0, cstack
   897 ;; Tracked objects:
   898 ;;		On entry : 0/0
   899 ;;		On exit  : 0/0
   900 ;;		Unchanged: 0/0
   901 ;; Data sizes:     COMRAM   BANK0   BANK1   BANK2   BANK3   BANK4   BANK5   BANK6   BANK7   BANK8   BANK9  BANK10  BANK1
      +1  BANK12  BANK13  BANK14  BANK15
   902 ;;      Params:         0       0       0       0       0       0       0       0       0       0       0       0       
      +0       0       0       0       0
   903 ;;      Locals:         0       0       0       0       0       0       0       0       0       0       0       0       
      +0       0       0       0       0
   904 ;;      Temps:          0       0       0       0       0       0       0       0       0       0       0       0       
      +0       0       0       0       0
   905 ;;      Totals:         0       0       0       0       0       0       0       0       0       0       0       0       
      +0       0       0       0       0
   906 ;;Total ram usage:        0 bytes
   907 ;; Hardware stack levels used:    1
   908 ;; Hardware stack levels required when called:    2
   909 ;; This function calls:
   910 ;;		_Delay10TCYx
   911 ;;		_Delay1KTCYx
   912 ;;		_lcd_cmd
   913 ;; This function is called by:
   914 ;;		_main
   915 ;; This function uses a non-reentrant model
   916 ;;
   917                           
   918                           	psect	text8
   919  00FF0E                     __ptext8:
   920                           	opt stack 0
   921  00FF0E                     _LCDInit:
   922                           	opt stack 28
   923                           
   924                           ;lcd.c: 64: Delay1KTCYx(30);
   925                           
   926                           ;incstack = 0
   927  00FF0E  0E1E               	movlw	30
   928  00FF10  ECD6  F07E         	call	_Delay1KTCYx
   929                           
   930                           ;lcd.c: 67: LATD &= 0x00;
   931  00FF14  0E00               	movlw	0
   932  00FF16  6E8C               	movwf	3980,c	;volatile
   933                           
   934                           ;lcd.c: 68: LATEbits.LATE2 = 0;
   935  00FF18  948D               	bcf	3981,2,c	;volatile
   936                           
   937                           ;lcd.c: 69: LATEbits.LATE0 = 0;
   938  00FF1A  908D               	bcf	3981,0,c	;volatile
   939                           
   940                           ;lcd.c: 70: LATEbits.LATE1 = 0;
   941  00FF1C  928D               	bcf	3981,1,c	;volatile
   942                           
   943                           ;lcd.c: 73: TRISD &= 0x00;
   944  00FF1E  0E00               	movlw	0
   945  00FF20  6E95               	movwf	3989,c	;volatile
   946                           
   947                           ;lcd.c: 74: TRISEbits.TRISE2 = 0;
   948  00FF22  9496               	bcf	3990,2,c	;volatile
   949                           
   950                           ;lcd.c: 75: TRISEbits.TRISE0 = 0;
   951  00FF24  9096               	bcf	3990,0,c	;volatile
   952                           
   953                           ;lcd.c: 76: TRISEbits.TRISE1 = 0;
   954  00FF26  9296               	bcf	3990,1,c	;volatile
   955                           
   956                           ;lcd.c: 79: LATD &= 0x00;
   957  00FF28  0E00               	movlw	0
   958  00FF2A  6E8C               	movwf	3980,c	;volatile
   959                           
   960                           ;lcd.c: 80: LATD |= 0x38;
   961  00FF2C  0E38               	movlw	56
   962  00FF2E  128C               	iorwf	3980,f,c	;volatile
   963                           
   964                           ;lcd.c: 81: LATEbits.LATE1 = 1;
   965  00FF30  828D               	bsf	3981,1,c	;volatile
   966                           
   967                           ;lcd.c: 82: __nop();
   968  00FF32  F000               	nop	
   969                           
   970                           ;lcd.c: 83: __nop();
   971  00FF34  F000               	nop	
   972                           
   973                           ;lcd.c: 84: __nop();
   974  00FF36  F000               	nop	
   975                           
   976                           ;lcd.c: 85: LATEbits.LATE1 = 0;
   977  00FF38  928D               	bcf	3981,1,c	;volatile
   978                           
   979                           ;lcd.c: 87: Delay1KTCYx(10);
   980  00FF3A  0E0A               	movlw	10
   981  00FF3C  ECD6  F07E         	call	_Delay1KTCYx
   982                           
   983                           ;lcd.c: 90: LATD &= 0x00;
   984  00FF40  0E00               	movlw	0
   985  00FF42  6E8C               	movwf	3980,c	;volatile
   986                           
   987                           ;lcd.c: 91: LATD |= 0x38;
   988  00FF44  0E38               	movlw	56
   989  00FF46  128C               	iorwf	3980,f,c	;volatile
   990                           
   991                           ;lcd.c: 92: LATEbits.LATE1 = 1;
   992  00FF48  828D               	bsf	3981,1,c	;volatile
   993                           
   994                           ;lcd.c: 93: __nop();
   995  00FF4A  F000               	nop	
   996                           
   997                           ;lcd.c: 94: __nop();
   998  00FF4C  F000               	nop	
   999                           
  1000                           ;lcd.c: 95: __nop();
  1001  00FF4E  F000               	nop	
  1002                           
  1003                           ;lcd.c: 96: LATEbits.LATE1 = 0;
  1004  00FF50  928D               	bcf	3981,1,c	;volatile
  1005                           
  1006                           ;lcd.c: 98: Delay10TCYx(40);
  1007  00FF52  0E28               	movlw	40
  1008  00FF54  ECDE  F07E         	call	_Delay10TCYx
  1009                           
  1010                           ;lcd.c: 101: LATD &= 0x00;
  1011  00FF58  0E00               	movlw	0
  1012  00FF5A  6E8C               	movwf	3980,c	;volatile
  1013                           
  1014                           ;lcd.c: 102: LATD |= 0x38;
  1015  00FF5C  0E38               	movlw	56
  1016  00FF5E  128C               	iorwf	3980,f,c	;volatile
  1017                           
  1018                           ;lcd.c: 103: LATEbits.LATE1 = 1;
  1019  00FF60  828D               	bsf	3981,1,c	;volatile
  1020                           
  1021                           ;lcd.c: 104: __nop();
  1022  00FF62  F000               	nop	
  1023                           
  1024                           ;lcd.c: 105: __nop();
  1025  00FF64  F000               	nop	
  1026                           
  1027                           ;lcd.c: 106: __nop();
  1028  00FF66  F000               	nop	
  1029                           
  1030                           ;lcd.c: 107: LATEbits.LATE1 = 0;
  1031  00FF68  928D               	bcf	3981,1,c	;volatile
  1032                           
  1033                           ;lcd.c: 109: Delay10TCYx(40);
  1034  00FF6A  0E28               	movlw	40
  1035  00FF6C  ECDE  F07E         	call	_Delay10TCYx
  1036                           
  1037                           ;lcd.c: 111: lcd_cmd( 0x38 );
  1038  00FF70  0E38               	movlw	56
  1039  00FF72  ECF9  F07E         	call	_lcd_cmd
  1040                           
  1041                           ;lcd.c: 112: lcd_cmd( 0x0C );
  1042  00FF76  0E0C               	movlw	12
  1043  00FF78  ECF9  F07E         	call	_lcd_cmd
  1044                           
  1045                           ;lcd.c: 113: lcd_cmd( 0x06 );
  1046  00FF7C  0E06               	movlw	6
  1047  00FF7E  ECF9  F07E         	call	_lcd_cmd
  1048  00FF82  0012               	return	
  1049  00FF84                     __end_of_LCDInit:
  1050                           	opt stack 0
  1051                           tblptru	equ	0xFF8
  1052                           tblptrh	equ	0xFF7
  1053                           tblptrl	equ	0xFF6
  1054                           tablat	equ	0xFF5
  1055                           prodl	equ	0xFF3
  1056                           postinc0	equ	0xFEE
  1057                           wreg	equ	0xFE8
  1058                           postinc1	equ	0xFE6
  1059                           postdec1	equ	0xFE5
  1060                           fsr1l	equ	0xFE1
  1061                           indf2	equ	0xFDF
  1062                           postinc2	equ	0xFDE
  1063                           fsr2h	equ	0xFDA
  1064                           fsr2l	equ	0xFD9
  1065                           status	equ	0xFD8
  1066                           
  1067 ;; *************** function _Delay10TCYx *****************
  1068 ;; Defined at:
  1069 ;;		line 8 in file "C:\Program Files\Microchip\xc8\v1.32\sources\pic18\d10tcyx.c"
  1070 ;; Parameters:    Size  Location     Type
  1071 ;;  unit            1    wreg     unsigned char 
  1072 ;; Auto vars:     Size  Location     Type
  1073 ;;  unit            1    0[COMRAM] unsigned char 
  1074 ;; Return value:  Size  Location     Type
  1075 ;;		None               void
  1076 ;; Registers used:
  1077 ;;		wreg
  1078 ;; Tracked objects:
  1079 ;;		On entry : 0/0
  1080 ;;		On exit  : 0/0
  1081 ;;		Unchanged: 0/0
  1082 ;; Data sizes:     COMRAM   BANK0   BANK1   BANK2   BANK3   BANK4   BANK5   BANK6   BANK7   BANK8   BANK9  BANK10  BANK1
      +1  BANK12  BANK13  BANK14  BANK15
  1083 ;;      Params:         0       0       0       0       0       0       0       0       0       0       0       0       
      +0       0       0       0       0
  1084 ;;      Locals:         1       0       0       0       0       0       0       0       0       0       0       0       
      +0       0       0       0       0
  1085 ;;      Temps:          0       0       0       0       0       0       0       0       0       0       0       0       
      +0       0       0       0       0
  1086 ;;      Totals:         1       0       0       0       0       0       0       0       0       0       0       0       
      +0       0       0       0       0
  1087 ;;Total ram usage:        1 bytes
  1088 ;; Hardware stack levels used:    1
  1089 ;; This function calls:
  1090 ;;		Nothing
  1091 ;; This function is called by:
  1092 ;;		_LCDInit
  1093 ;;		_lcd_data
  1094 ;; This function uses a non-reentrant model
  1095 ;;
  1096                           
  1097                           	psect	text9
  1098  00FDBC                     __ptext9:
  1099                           	opt stack 0
  1100  00FDBC                     _Delay10TCYx:
  1101                           	opt stack 27
  1102                           
  1103                           ;incstack = 0
  1104                           ;Delay10TCYx@unit stored from wreg
  1105  00FDBC  6E01               	movwf	Delay10TCYx@unit,c
  1106  00FDBE                     l330:
  1107  00FDBE  0E03               	movlw	3
  1108  00FDC0                     u77:
  1109  00FDC0  2EE8               	decfsz	wreg,f,c
  1110  00FDC2  D7FE               	goto	u77
  1111  00FDC4  F000               	nop	
  1112  00FDC6  2E01               	decfsz	Delay10TCYx@unit,f,c
  1113  00FDC8  D7FA               	goto	l330
  1114  00FDCA  0012               	return	
  1115  00FDCC                     __end_of_Delay10TCYx:
  1116                           	opt stack 0
  1117                           tblptru	equ	0xFF8
  1118                           tblptrh	equ	0xFF7
  1119                           tblptrl	equ	0xFF6
  1120                           tablat	equ	0xFF5
  1121                           prodl	equ	0xFF3
  1122                           postinc0	equ	0xFEE
  1123                           wreg	equ	0xFE8
  1124                           postinc1	equ	0xFE6
  1125                           postdec1	equ	0xFE5
  1126                           fsr1l	equ	0xFE1
  1127                           indf2	equ	0xFDF
  1128                           postinc2	equ	0xFDE
  1129                           fsr2h	equ	0xFDA
  1130                           fsr2l	equ	0xFD9
  1131                           status	equ	0xFD8
  1132                           
  1133 ;; *************** function _LCDClear *****************
  1134 ;; Defined at:
  1135 ;;		line 121 in file "../common/lcd.c"
  1136 ;; Parameters:    Size  Location     Type
  1137 ;;		None
  1138 ;; Auto vars:     Size  Location     Type
  1139 ;;		None
  1140 ;; Return value:  Size  Location     Type
  1141 ;;		None               void
  1142 ;; Registers used:
  1143 ;;		wreg, status,2, status,0, cstack
  1144 ;; Tracked objects:
  1145 ;;		On entry : 0/0
  1146 ;;		On exit  : 0/0
  1147 ;;		Unchanged: 0/0
  1148 ;; Data sizes:     COMRAM   BANK0   BANK1   BANK2   BANK3   BANK4   BANK5   BANK6   BANK7   BANK8   BANK9  BANK10  BANK1
      +1  BANK12  BANK13  BANK14  BANK15
  1149 ;;      Params:         0       0       0       0       0       0       0       0       0       0       0       0       
      +0       0       0       0       0
  1150 ;;      Locals:         0       0       0       0       0       0       0       0       0       0       0       0       
      +0       0       0       0       0
  1151 ;;      Temps:          0       0       0       0       0       0       0       0       0       0       0       0       
      +0       0       0       0       0
  1152 ;;      Totals:         0       0       0       0       0       0       0       0       0       0       0       0       
      +0       0       0       0       0
  1153 ;;Total ram usage:        0 bytes
  1154 ;; Hardware stack levels used:    1
  1155 ;; Hardware stack levels required when called:    2
  1156 ;; This function calls:
  1157 ;;		_lcd_cmd
  1158 ;; This function is called by:
  1159 ;;		_main
  1160 ;; This function uses a non-reentrant model
  1161 ;;
  1162                           
  1163                           	psect	text10
  1164  00FD92                     __ptext10:
  1165                           	opt stack 0
  1166  00FD92                     _LCDClear:
  1167                           	opt stack 28
  1168                           
  1169                           ;lcd.c: 123: lcd_cmd(0x01 );
  1170                           
  1171                           ;incstack = 0
  1172  00FD92  0E01               	movlw	1
  1173  00FD94  ECF9  F07E         	call	_lcd_cmd
  1174  00FD98  0012               	return	
  1175  00FD9A                     __end_of_LCDClear:
  1176                           	opt stack 0
  1177                           tblptru	equ	0xFF8
  1178                           tblptrh	equ	0xFF7
  1179                           tblptrl	equ	0xFF6
  1180                           tablat	equ	0xFF5
  1181                           prodl	equ	0xFF3
  1182                           postinc0	equ	0xFEE
  1183                           wreg	equ	0xFE8
  1184                           postinc1	equ	0xFE6
  1185                           postdec1	equ	0xFE5
  1186                           fsr1l	equ	0xFE1
  1187                           indf2	equ	0xFDF
  1188                           postinc2	equ	0xFDE
  1189                           fsr2h	equ	0xFDA
  1190                           fsr2l	equ	0xFD9
  1191                           status	equ	0xFD8
  1192                           
  1193 ;; *************** function _lcd_cmd *****************
  1194 ;; Defined at:
  1195 ;;		line 128 in file "../common/lcd.c"
  1196 ;; Parameters:    Size  Location     Type
  1197 ;;  cmd             1    wreg     unsigned char 
  1198 ;; Auto vars:     Size  Location     Type
  1199 ;;  cmd             1    1[COMRAM] unsigned char 
  1200 ;; Return value:  Size  Location     Type
  1201 ;;		None               void
  1202 ;; Registers used:
  1203 ;;		wreg, status,2, status,0, cstack
  1204 ;; Tracked objects:
  1205 ;;		On entry : 0/0
  1206 ;;		On exit  : 0/0
  1207 ;;		Unchanged: 0/0
  1208 ;; Data sizes:     COMRAM   BANK0   BANK1   BANK2   BANK3   BANK4   BANK5   BANK6   BANK7   BANK8   BANK9  BANK10  BANK1
      +1  BANK12  BANK13  BANK14  BANK15
  1209 ;;      Params:         0       0       0       0       0       0       0       0       0       0       0       0       
      +0       0       0       0       0
  1210 ;;      Locals:         1       0       0       0       0       0       0       0       0       0       0       0       
      +0       0       0       0       0
  1211 ;;      Temps:          0       0       0       0       0       0       0       0       0       0       0       0       
      +0       0       0       0       0
  1212 ;;      Totals:         1       0       0       0       0       0       0       0       0       0       0       0       
      +0       0       0       0       0
  1213 ;;Total ram usage:        1 bytes
  1214 ;; Hardware stack levels used:    1
  1215 ;; Hardware stack levels required when called:    1
  1216 ;; This function calls:
  1217 ;;		_Delay1KTCYx
  1218 ;; This function is called by:
  1219 ;;		_LCDInit
  1220 ;;		_LCDClear
  1221 ;;		_LCDPos
  1222 ;;		_LCDL1Home
  1223 ;;		_LCDL2Home
  1224 ;; This function uses a non-reentrant model
  1225 ;;
  1226                           
  1227                           	psect	text11
  1228  00FDF2                     __ptext11:
  1229                           	opt stack 0
  1230  00FDF2                     _lcd_cmd:
  1231                           	opt stack 27
  1232                           
  1233                           ;incstack = 0
  1234                           ;lcd_cmd@cmd stored from wreg
  1235  00FDF2  6E02               	movwf	lcd_cmd@cmd,c
  1236                           
  1237                           ;lcd.c: 131: LATD &= 0x00;
  1238  00FDF4  0E00               	movlw	0
  1239  00FDF6  6E8C               	movwf	3980,c	;volatile
  1240                           
  1241                           ;lcd.c: 132: LATD |= cmd;
  1242  00FDF8  5002               	movf	lcd_cmd@cmd,w,c
  1243  00FDFA  128C               	iorwf	3980,f,c	;volatile
  1244                           
  1245                           ;lcd.c: 133: LATEbits.LATE2 = 0;
  1246  00FDFC  948D               	bcf	3981,2,c	;volatile
  1247                           
  1248                           ;lcd.c: 134: LATEbits.LATE0 = 0;
  1249  00FDFE  908D               	bcf	3981,0,c	;volatile
  1250                           
  1251                           ;lcd.c: 135: LATEbits.LATE1 = 1;
  1252  00FE00  828D               	bsf	3981,1,c	;volatile
  1253                           
  1254                           ;lcd.c: 136: __nop();
  1255  00FE02  F000               	nop	
  1256                           
  1257                           ;lcd.c: 137: __nop();
  1258  00FE04  F000               	nop	
  1259                           
  1260                           ;lcd.c: 138: __nop();
  1261  00FE06  F000               	nop	
  1262                           
  1263                           ;lcd.c: 139: LATEbits.LATE1 = 0;
  1264  00FE08  928D               	bcf	3981,1,c	;volatile
  1265                           
  1266                           ;lcd.c: 141: Delay1KTCYx(10);
  1267  00FE0A  0E0A               	movlw	10
  1268  00FE0C  ECD6  F07E         	call	_Delay1KTCYx
  1269  00FE10  0012               	return	
  1270  00FE12                     __end_of_lcd_cmd:
  1271                           	opt stack 0
  1272                           tblptru	equ	0xFF8
  1273                           tblptrh	equ	0xFF7
  1274                           tblptrl	equ	0xFF6
  1275                           tablat	equ	0xFF5
  1276                           prodl	equ	0xFF3
  1277                           postinc0	equ	0xFEE
  1278                           wreg	equ	0xFE8
  1279                           postinc1	equ	0xFE6
  1280                           postdec1	equ	0xFE5
  1281                           fsr1l	equ	0xFE1
  1282                           indf2	equ	0xFDF
  1283                           postinc2	equ	0xFDE
  1284                           fsr2h	equ	0xFDA
  1285                           fsr2l	equ	0xFD9
  1286                           status	equ	0xFD8
  1287                           
  1288 ;; *************** function _Delay1KTCYx *****************
  1289 ;; Defined at:
  1290 ;;		line 8 in file "C:\Program Files\Microchip\xc8\v1.32\sources\pic18\d1ktcyx.c"
  1291 ;; Parameters:    Size  Location     Type
  1292 ;;  unit            1    wreg     unsigned char 
  1293 ;; Auto vars:     Size  Location     Type
  1294 ;;  unit            1    0[COMRAM] unsigned char 
  1295 ;; Return value:  Size  Location     Type
  1296 ;;		None               void
  1297 ;; Registers used:
  1298 ;;		wreg
  1299 ;; Tracked objects:
  1300 ;;		On entry : 0/0
  1301 ;;		On exit  : 0/0
  1302 ;;		Unchanged: 0/0
  1303 ;; Data sizes:     COMRAM   BANK0   BANK1   BANK2   BANK3   BANK4   BANK5   BANK6   BANK7   BANK8   BANK9  BANK10  BANK1
      +1  BANK12  BANK13  BANK14  BANK15
  1304 ;;      Params:         0       0       0       0       0       0       0       0       0       0       0       0       
      +0       0       0       0       0
  1305 ;;      Locals:         1       0       0       0       0       0       0       0       0       0       0       0       
      +0       0       0       0       0
  1306 ;;      Temps:          0       0       0       0       0       0       0       0       0       0       0       0       
      +0       0       0       0       0
  1307 ;;      Totals:         1       0       0       0       0       0       0       0       0       0       0       0       
      +0       0       0       0       0
  1308 ;;Total ram usage:        1 bytes
  1309 ;; Hardware stack levels used:    1
  1310 ;; This function calls:
  1311 ;;		Nothing
  1312 ;; This function is called by:
  1313 ;;		_LCDInit
  1314 ;;		_lcd_cmd
  1315 ;; This function uses a non-reentrant model
  1316 ;;
  1317                           
  1318                           	psect	text12
  1319  00FDAC                     __ptext12:
  1320                           	opt stack 0
  1321  00FDAC                     _Delay1KTCYx:
  1322                           	opt stack 27
  1323                           
  1324                           ;incstack = 0
  1325                           ;Delay1KTCYx@unit stored from wreg
  1326  00FDAC  6E01               	movwf	Delay1KTCYx@unit,c
  1327  00FDAE                     l337:
  1328  00FDAE  0EFA               	movlw	250
  1329  00FDB0                     u87:
  1330  00FDB0  F000               	nop	
  1331  00FDB2  2EE8               	decfsz	wreg,f,c
  1332  00FDB4  D7FD               	goto	u87
  1333  00FDB6  2E01               	decfsz	Delay1KTCYx@unit,f,c
  1334  00FDB8  D7FA               	goto	l337
  1335  00FDBA  0012               	return	
  1336  00FDBC                     __end_of_Delay1KTCYx:
  1337                           	opt stack 0
  1338                           tblptru	equ	0xFF8
  1339                           tblptrh	equ	0xFF7
  1340                           tblptrl	equ	0xFF6
  1341                           tablat	equ	0xFF5
  1342                           prodl	equ	0xFF3
  1343                           postinc0	equ	0xFEE
  1344                           wreg	equ	0xFE8
  1345                           postinc1	equ	0xFE6
  1346                           postdec1	equ	0xFE5
  1347                           fsr1l	equ	0xFE1
  1348                           indf2	equ	0xFDF
  1349                           postinc2	equ	0xFDE
  1350                           fsr2h	equ	0xFDA
  1351                           fsr2l	equ	0xFD9
  1352                           status	equ	0xFD8
  1353                           
  1354 ;; *************** function _Delay10KTCYx *****************
  1355 ;; Defined at:
  1356 ;;		line 8 in file "C:\Program Files\Microchip\xc8\v1.32\sources\pic18\d10ktcyx.c"
  1357 ;; Parameters:    Size  Location     Type
  1358 ;;  unit            1    wreg     unsigned char 
  1359 ;; Auto vars:     Size  Location     Type
  1360 ;;  unit            1    1[COMRAM] unsigned char 
  1361 ;; Return value:  Size  Location     Type
  1362 ;;		None               void
  1363 ;; Registers used:
  1364 ;;		wreg
  1365 ;; Tracked objects:
  1366 ;;		On entry : 0/0
  1367 ;;		On exit  : 0/0
  1368 ;;		Unchanged: 0/0
  1369 ;; Data sizes:     COMRAM   BANK0   BANK1   BANK2   BANK3   BANK4   BANK5   BANK6   BANK7   BANK8   BANK9  BANK10  BANK1
      +1  BANK12  BANK13  BANK14  BANK15
  1370 ;;      Params:         0       0       0       0       0       0       0       0       0       0       0       0       
      +0       0       0       0       0
  1371 ;;      Locals:         1       0       0       0       0       0       0       0       0       0       0       0       
      +0       0       0       0       0
  1372 ;;      Temps:          1       0       0       0       0       0       0       0       0       0       0       0       
      +0       0       0       0       0
  1373 ;;      Totals:         2       0       0       0       0       0       0       0       0       0       0       0       
      +0       0       0       0       0
  1374 ;;Total ram usage:        2 bytes
  1375 ;; Hardware stack levels used:    1
  1376 ;; This function calls:
  1377 ;;		Nothing
  1378 ;; This function is called by:
  1379 ;;		_main
  1380 ;; This function uses a non-reentrant model
  1381 ;;
  1382                           
  1383                           	psect	text13
  1384  00FDDC                     __ptext13:
  1385                           	opt stack 0
  1386  00FDDC                     _Delay10KTCYx:
  1387                           	opt stack 30
  1388                           
  1389                           ;incstack = 0
  1390                           ;Delay10KTCYx@unit stored from wreg
  1391  00FDDC  6E02               	movwf	Delay10KTCYx@unit,c
  1392  00FDDE                     l323:
  1393  00FDDE  0E0D               	movlw	13
  1394  00FDE0  6E01               	movwf	??_Delay10KTCYx& (0+255),c
  1395  00FDE2  0EFC               	movlw	252
  1396  00FDE4                     u97:
  1397  00FDE4  2EE8               	decfsz	wreg,f,c
  1398  00FDE6  D7FE               	goto	u97
  1399  00FDE8  2E01               	decfsz	??_Delay10KTCYx& (0+255),f,c
  1400  00FDEA  D7FC               	goto	u97
  1401  00FDEC  2E02               	decfsz	Delay10KTCYx@unit,f,c
  1402  00FDEE  D7F7               	goto	l323
  1403  00FDF0  0012               	return	
  1404  00FDF2                     __end_of_Delay10KTCYx:
  1405                           	opt stack 0
  1406  0000                     tblptru	equ	0xFF8
  1407                           tblptrh	equ	0xFF7
  1408                           tblptrl	equ	0xFF6
  1409                           tablat	equ	0xFF5
  1410                           prodl	equ	0xFF3
  1411                           postinc0	equ	0xFEE
  1412                           wreg	equ	0xFE8
  1413                           postinc1	equ	0xFE6
  1414                           postdec1	equ	0xFE5
  1415                           fsr1l	equ	0xFE1
  1416                           indf2	equ	0xFDF
  1417                           postinc2	equ	0xFDE
  1418                           fsr2h	equ	0xFDA
  1419                           fsr2l	equ	0xFD9
  1420                           status	equ	0xFD8
  1421                           tblptru	equ	0xFF8
  1422                           tblptrh	equ	0xFF7
  1423                           tblptrl	equ	0xFF6
  1424                           tablat	equ	0xFF5
  1425                           prodl	equ	0xFF3
  1426                           postinc0	equ	0xFEE
  1427                           wreg	equ	0xFE8
  1428                           postinc1	equ	0xFE6
  1429                           postdec1	equ	0xFE5
  1430                           fsr1l	equ	0xFE1
  1431                           indf2	equ	0xFDF
  1432                           postinc2	equ	0xFDE
  1433                           fsr2h	equ	0xFDA
  1434                           fsr2l	equ	0xFD9
  1435                           status	equ	0xFD8
  1436                           
  1437                           	psect	rparam
  1438  0000                     tblptru	equ	0xFF8
  1439                           tblptrh	equ	0xFF7
  1440                           tblptrl	equ	0xFF6
  1441                           tablat	equ	0xFF5
  1442                           prodl	equ	0xFF3
  1443                           postinc0	equ	0xFEE
  1444                           wreg	equ	0xFE8
  1445                           postinc1	equ	0xFE6
  1446                           postdec1	equ	0xFE5
  1447                           fsr1l	equ	0xFE1
  1448                           indf2	equ	0xFDF
  1449                           postinc2	equ	0xFDE
  1450                           fsr2h	equ	0xFDA
  1451                           fsr2l	equ	0xFD9
  1452                           status	equ	0xFD8


Data Sizes:
    Strings     0
    Constant    0
    Data        32
    BSS         2
    Persistent  0
    Stack       0

Auto Spaces:
    Space          Size  Autos    Used
    COMRAM          127     43      77
    BANK0           128      0       0
    BANK1           256      0       0
    BANK2           256      0       0
    BANK3           256      0       0
    BANK4           256      0       0
    BANK5           256      0       0
    BANK6           256      0       0
    BANK7           256      0       0
    BANK8           256      0       0
    BANK9           256      0       0
    BANK10          256      0       0
    BANK11          256      0       0
    BANK12          256      0       0
    BANK13          256      0       0
    BANK14          256      0       0
    BANK15          128      0       0

Pointer List with Targets:

    LCDPutString@DString	PTR unsigned char  size(2) Largest target is 32
		 -> main@TString(COMRAM[32]), 

    LCDPutString@p_DString	PTR unsigned char  size(2) Largest target is 32
		 -> main@TString(COMRAM[32]), 


Critical Paths under _main in COMRAM

    _main->_LCDPutString
    _LCDPutString->_LCDPos
    _LCDPut->_lcd_data
    _lcd_data->_Delay10TCYx
    _LCDPos->_lcd_cmd
    _LCDInit->_lcd_cmd
    _LCDClear->_lcd_cmd
    _lcd_cmd->_Delay1KTCYx

Critical Paths under _main in BANK0

    None.

Critical Paths under _main in BANK1

    None.

Critical Paths under _main in BANK2

    None.

Critical Paths under _main in BANK3

    None.

Critical Paths under _main in BANK4

    None.

Critical Paths under _main in BANK5

    None.

Critical Paths under _main in BANK6

    None.

Critical Paths under _main in BANK7

    None.

Critical Paths under _main in BANK8

    None.

Critical Paths under _main in BANK9

    None.

Critical Paths under _main in BANK10

    None.

Critical Paths under _main in BANK11

    None.

Critical Paths under _main in BANK12

    None.

Critical Paths under _main in BANK13

    None.

Critical Paths under _main in BANK14

    None.

Critical Paths under _main in BANK15

    None.

Call Graph Tables:

 ---------------------------------------------------------------------------------
 (Depth) Function   	        Calls       Base Space   Used Autos Params    Refs
 ---------------------------------------------------------------------------------
 (0) _main                                                33    33      0     781
                                             10 COMRAM    33    33      0
                       _Delay10KTCYx
                           _LCDClear
                            _LCDInit
                             _LCDPos
                             _LCDPut
                       _LCDPutString
                             _initIO
                     _initOscillator
 ---------------------------------------------------------------------------------
 (1) _initOscillator                                       0     0      0       0
 ---------------------------------------------------------------------------------
 (1) _initIO                                               0     0      0       0
 ---------------------------------------------------------------------------------
 (1) _LCDPutString                                         6     4      2     382
                                              4 COMRAM     6     4      2
                             _LCDPos
                             _LCDPut
 ---------------------------------------------------------------------------------
 (2) _LCDPut                                               1     1      0      45
                                              2 COMRAM     1     1      0
                           _lcd_data
 ---------------------------------------------------------------------------------
 (3) _lcd_data                                             1     1      0      30
                                              1 COMRAM     1     1      0
                        _Delay10TCYx
 ---------------------------------------------------------------------------------
 (2) _LCDPos                                               2     0      2     219
                                              2 COMRAM     2     0      2
                       _Delay100TCYx
                            _lcd_cmd
 ---------------------------------------------------------------------------------
 (3) _Delay100TCYx                                         1     1      0      15
                                              0 COMRAM     1     1      0
 ---------------------------------------------------------------------------------
 (1) _LCDInit                                              0     0      0      60
                        _Delay10TCYx
                        _Delay1KTCYx
                            _lcd_cmd
 ---------------------------------------------------------------------------------
 (4) _Delay10TCYx                                          1     1      0      15
                                              0 COMRAM     1     1      0
 ---------------------------------------------------------------------------------
 (1) _LCDClear                                             0     0      0      30
                            _lcd_cmd
 ---------------------------------------------------------------------------------
 (3) _lcd_cmd                                              1     1      0      30
                                              1 COMRAM     1     1      0
                        _Delay1KTCYx
 ---------------------------------------------------------------------------------
 (4) _Delay1KTCYx                                          1     1      0      15
                                              0 COMRAM     1     1      0
 ---------------------------------------------------------------------------------
 (1) _Delay10KTCYx                                         2     2      0      15
                                              0 COMRAM     2     2      0
 ---------------------------------------------------------------------------------
 Estimated maximum stack depth 4
 ---------------------------------------------------------------------------------

 Call Graph Graphs:

 _main (ROOT)
   _Delay10KTCYx
   _LCDClear
     _lcd_cmd
       _Delay1KTCYx
   _LCDInit
     _Delay10TCYx
     _Delay1KTCYx
     _lcd_cmd
       _Delay1KTCYx
   _LCDPos
     _Delay100TCYx
     _lcd_cmd
       _Delay1KTCYx
   _LCDPut
     _lcd_data
       _Delay10TCYx
   _LCDPutString
     _LCDPos
       _Delay100TCYx
       _lcd_cmd
         _Delay1KTCYx
     _LCDPut
       _lcd_data
         _Delay10TCYx
   _initIO
   _initOscillator

 Address spaces:
Name               Size   Autos  Total    Cost      Usage
BIGRAM             F7F      0       0      37        0.0%
EEDATA             400      0       0       0        0.0%
BITBANK14          100      0       0      32        0.0%
BANK14             100      0       0      33        0.0%
BITBANK13          100      0       0      30        0.0%
BANK13             100      0       0      31        0.0%
BITBANK12          100      0       0      28        0.0%
BANK12             100      0       0      29        0.0%
BITBANK11          100      0       0      26        0.0%
BANK11             100      0       0      27        0.0%
BITBANK10          100      0       0      24        0.0%
BANK10             100      0       0      25        0.0%
BITBANK9           100      0       0      22        0.0%
BANK9              100      0       0      23        0.0%
BITBANK8           100      0       0      20        0.0%
BANK8              100      0       0      21        0.0%
BITBANK7           100      0       0      18        0.0%
BANK7              100      0       0      19        0.0%
BITBANK6           100      0       0      16        0.0%
BANK6              100      0       0      17        0.0%
BITBANK5           100      0       0      14        0.0%
BANK5              100      0       0      15        0.0%
BITBANK4           100      0       0      12        0.0%
BANK4              100      0       0      13        0.0%
BITBANK3           100      0       0      10        0.0%
BANK3              100      0       0      11        0.0%
BITBANK2           100      0       0       8        0.0%
BANK2              100      0       0       9        0.0%
BITBANK1           100      0       0       6        0.0%
BANK1              100      0       0       7        0.0%
BITBANK15           80      0       0      35        0.0%
BANK15              80      0       0      36        0.0%
BITBANK0            80      0       0       4        0.0%
BANK0               80      0       0       5        0.0%
BITCOMRAM           7F      0       0       0        0.0%
COMRAM              7F     2B      4D       1       60.6%
BITSFR               0      0       0      40        0.0%
SFR                  0      0       0      40        0.0%
STACK                0      0       0       2        0.0%
NULL                 0      0       0       0        0.0%
ABS                  0      0      4D      34        0.0%
DATA                 0      0      4D       3        0.0%
CODE                 0      0       0       0        0.0%


Microchip Technology PIC18 Macro Assembler V1.32 build 58300 
Symbol Table                                                                                   Tue Nov 13 14:32:05 2018

           lcd_data@data 0002                       u41 FF9E                       u67 FDD0  
                     u77 FDC0                       u87 FDB0                       u97 FDE4  
            main@TString 000B                      l330 FDBE                      l323 FDDE  
                    l316 FDCE                      l337 FDAE                      l762 FEA2  
                    l842 FEC4                      l764 FEAA                      l854 FEFE  
                    l894 FFC0                      wreg 000FE8          __end_of_LCDInit FF84  
           __CFG_LVP$OFF 000000             __CFG_WDT$OFF 000000                     _LATD 000F8C  
                   _main FF84                     _pos1 004C                     fsr2h 000FDA  
                   fsr1l 000FE1                     indf2 000FDF                     fsr2l 000FD9  
                   prodl 000FF3            ?_LCDPutString 0005                     start 0000  
          __CFG_IESO$OFF 000000            __CFG_MCLRE$ON 000000        LCDPutString@lpos1 0009  
            _Delay10TCYx FDBC         __end_of_LCDClear FD9A              _Delay1KTCYx FDAC  
                  ?_main 0001    __size_of_Delay100TCYx 0010                    _TRISD 000F95  
  __size_of_Delay10KTCYx 0016            __CFG_PWRT$OFF 000000           __CFG_FCMEN$OFF 000000  
        __end_of_lcd_cmd FE12    LCDPutString@p_DString 0007            __CFG_WRTC$OFF 000000  
         __CFG_EBTRB$OFF 000000           __CFG_BOREN$OFF 000000                    tablat 000FF5  
                  status 000FD8           ??_LCDPutString 0007          __initialization FE54  
           _Delay100TCYx FDCC             __end_of_main 0000             _Delay10KTCYx FDDC  
                 ??_main 000B            __activetblptr 000000                ??_LCDInit 0003  
                 _LCDPos FE7E                   _LCDPut FDA2         __end_of_lcd_data FE54  
                 _initIO FD8C                ??_lcd_cmd 0002             __pdataCOMRAM 002C  
                 tblptrh 000FF7                   tblptrl 000FF6                   tblptru 000FF8  
    LCDPutString@DString 0005                ?_LCDClear 0001               __accesstop 0080  
__end_of__initialization FE78          __CFG_PBADEN$OFF 000000                LCDPos@pos 0003  
         __pcstackCOMRAM 0001     __end_of_LCDPutString FF0E  __size_of_initOscillator 0008  
                ?_LCDPos 0003                  ?_LCDPut 0001               ??_LCDClear 0003  
                LCDPut@A 0003             ?_Delay10TCYx 0001                  ?_initIO 0001  
           ?_Delay1KTCYx 0001                  _LCDInit FF0E                ?_lcd_data 0001  
        __size_of_LCDPos 0034          __size_of_LCDPut 000A                  __Hparam 0000  
                __Lparam 0000          __size_of_initIO 0006                  __pcinit FE54  
        Delay10TCYx@unit 0001                  __ramtop 1000                  __ptext0 FF84  
                __ptext1 FD9A                  __ptext2 FD8C                  __ptext3 FEB2  
                __ptext4 FDA2                  __ptext5 FE32                  __ptext6 FE7E  
                __ptext7 FDCC                  __ptext8 FF0E                  __ptext9 FDBC  
                _lcd_cmd FDF2               ??_lcd_data 0002     end_of_initialization FE78  
                postdec1 000FE5                  postinc0 000FEE                  postinc1 000FE6  
                postinc2 000FDE    __size_of_LCDPutString 005C                _TRISEbits 000F96  
             lcd_cmd@cmd 0002           _initOscillator FD9A           __end_of_LCDPos FEB2  
         __end_of_LCDPut FDAC        __size_of_LCDClear 0008             _LCDPutString FEB2  
       Delay100TCYx@unit 0001     __size_of_Delay10TCYx 0010            __pidataCOMRAM FE12  
         __end_of_initIO FD92     __size_of_Delay1KTCYx 0010      start_initialization FE54  
 __end_of_initOscillator FDA2                 ??_LCDPos 0005                 ??_LCDPut 0003  
       __CFG_OSC$INTIO67 000000                 ??_initIO 0001                 ?_LCDInit 0001  
            __pbssCOMRAM 004C          ?_initOscillator 0001          Delay1KTCYx@unit 0001  
      __size_of_lcd_data 0022            ?_Delay100TCYx 0001            ?_Delay10KTCYx 0001  
               ?_lcd_cmd 0001                 _LCDClear FD92                 _LATEbits 000F8D  
         ??_Delay100TCYx 0001                main@F4053 002C           ??_Delay10KTCYx 0001  
       __size_of_LCDInit 0076         Delay10KTCYx@unit 0002                copy_data0 FE6C  
               __Hrparam 0000                 __Lrparam 0000         __size_of_lcd_cmd 0020  
               __ptext10 FD92                 __ptext11 FDF2                 __ptext12 FDAC  
               __ptext13 FDDC                 _lcd_data FE32            __size_of_main 007C  
          ??_Delay10TCYx 0001            ??_Delay1KTCYx 0001                 main@test 002B  
       ??_initOscillator 0001     __end_of_Delay100TCYx FDDC     __end_of_Delay10KTCYx FDF2  
             _OSCCONbits 000FD3      __end_of_Delay10TCYx FDCC      __end_of_Delay1KTCYx FDBC  
